0 info it worked if it ends with ok
1 verbose cli [ 'C:\\Program Files (x86)\\nodejs\\node.exe',
1 verbose cli   'C:\\Program Files (x86)\\nodejs\\node_modules\\npm\\bin\\npm-cli.js',
1 verbose cli   'install',
1 verbose cli   'Array.prototype.toTwenty' ]
2 info using npm@3.10.10
3 info using node@v6.10.0
4 silly loadCurrentTree Starting
5 silly install loadCurrentTree
6 silly install readLocalPackageData
7 silly fetchPackageMetaData Array.prototype.toTwenty
8 silly fetchNamedPackageData Array.prototype.toTwenty
9 silly mapToRegistry name Array.prototype.toTwenty
10 silly mapToRegistry using default registry
11 silly mapToRegistry registry https://registry.npmjs.org/
12 silly mapToRegistry data Result {
12 silly mapToRegistry   raw: 'Array.prototype.toTwenty',
12 silly mapToRegistry   scope: null,
12 silly mapToRegistry   escapedName: 'Array.prototype.toTwenty',
12 silly mapToRegistry   name: 'Array.prototype.toTwenty',
12 silly mapToRegistry   rawSpec: '',
12 silly mapToRegistry   spec: 'latest',
12 silly mapToRegistry   type: 'tag' }
13 silly mapToRegistry uri https://registry.npmjs.org/Array.prototype.toTwenty
14 verbose request uri https://registry.npmjs.org/Array.prototype.toTwenty
15 verbose request no auth needed
16 info attempt registry request try #1 at 2:27:58 PM
17 verbose request using bearer token for auth
18 verbose request id f58286f1b433aad9
19 http request GET https://registry.npmjs.org/Array.prototype.toTwenty
20 info retry will retry, error on last attempt: Error: getaddrinfo ENOENT registry.npmjs.org:443
21 info attempt registry request try #2 at 2:28:08 PM
22 verbose request using bearer token for auth
23 http request GET https://registry.npmjs.org/Array.prototype.toTwenty
24 info retry will retry, error on last attempt: Error: getaddrinfo ENOENT registry.npmjs.org:443
25 info attempt registry request try #3 at 2:29:08 PM
26 verbose request using bearer token for auth
27 http request GET https://registry.npmjs.org/Array.prototype.toTwenty
28 silly fetchPackageMetaData Error: getaddrinfo ENOENT registry.npmjs.org:443
28 silly fetchPackageMetaData     at Object.exports._errnoException (util.js:1022:11)
28 silly fetchPackageMetaData     at errnoException (dns.js:33:15)
28 silly fetchPackageMetaData     at GetAddrInfoReqWrap.onlookup [as oncomplete] (dns.js:76:26)
28 silly fetchPackageMetaData  error for Array.prototype.toTwenty { Error: getaddrinfo ENOENT registry.npmjs.org:443
28 silly fetchPackageMetaData     at Object.exports._errnoException (util.js:1022:11)
28 silly fetchPackageMetaData     at errnoException (dns.js:33:15)
28 silly fetchPackageMetaData     at GetAddrInfoReqWrap.onlookup [as oncomplete] (dns.js:76:26)
28 silly fetchPackageMetaData   code: 'ENOENT',
28 silly fetchPackageMetaData   errno: 'ENOENT',
28 silly fetchPackageMetaData   syscall: 'getaddrinfo',
28 silly fetchPackageMetaData   hostname: 'registry.npmjs.org',
28 silly fetchPackageMetaData   host: 'registry.npmjs.org',
28 silly fetchPackageMetaData   port: 443 }
29 silly rollbackFailedOptional Starting
30 silly rollbackFailedOptional Finishing
31 silly runTopLevelLifecycles Finishing
32 silly install printInstalled
33 verbose stack Error: getaddrinfo ENOENT registry.npmjs.org:443
33 verbose stack     at Object.exports._errnoException (util.js:1022:11)
33 verbose stack     at errnoException (dns.js:33:15)
33 verbose stack     at GetAddrInfoReqWrap.onlookup [as oncomplete] (dns.js:76:26)
34 verbose cwd C:\Users\OLADIMILLION\Desktop\Projects\day 3\binarysearchalgorithm\app
35 error Windows_NT 6.3.9600
36 error argv "C:\\Program Files (x86)\\nodejs\\node.exe" "C:\\Program Files (x86)\\nodejs\\node_modules\\npm\\bin\\npm-cli.js" "install" "Array.prototype.toTwenty"
37 error node v6.10.0
38 error npm  v3.10.10
39 error code ENOENT
40 error errno ENOENT
41 error syscall getaddrinfo
42 error enoent getaddrinfo ENOENT registry.npmjs.org:443
43 error enoent getaddrinfo ENOENT registry.npmjs.org:443
43 error enoent This is most likely not a problem with npm itself
43 error enoent and is related to npm not being able to find a file.
44 verbose exit [ 1, true ]
